2023-10-18 23:02:56.863  INFO [demo-service,,,] 7318 --- [  restartedMain] c.example.app.PolicyServiceApplication   : Starting PolicyServiceApplication using Java 17.0.7 on upsure-Inspiron-15-3520 with PID 7318 (/home/upsure/ganesh/eclipseworkspace/demo-service2/target/classes started by upsure in /home/upsure/ganesh/eclipseworkspace/demo-service2)
2023-10-18 23:02:56.863  INFO [demo-service,,,] 7318 --- [  restartedMain] c.example.app.PolicyServiceApplication   : No active profile set, falling back to 1 default profile: "default"
2023-10-18 23:02:57.000  INFO [demo-service,,,] 7318 --- [  restartedMain] o.s.cloud.context.scope.GenericScope     : BeanFactory id=abec6894-42ac-3731-8183-66ded074735c
2023-10-18 23:02:57.069  INFO [demo-service,,,] 7318 --- [  restartedMain] o.s.b.w.embedded.tomcat.TomcatWebServer  : Tomcat initialized with port(s): 9095 (http)
2023-10-18 23:02:57.069  INFO [demo-service,,,] 7318 --- [  restartedMain] o.apache.catalina.core.StandardService   : Starting service [Tomcat]
2023-10-18 23:02:57.069  INFO [demo-service,,,] 7318 --- [  restartedMain] org.apache.catalina.core.StandardEngine  : Starting Servlet engine: [Apache Tomcat/9.0.64]
2023-10-18 23:02:57.076  INFO [demo-service,,,] 7318 --- [  restartedMain] o.a.c.c.C.[Tomcat].[localhost].[/]       : Initializing Spring embedded WebApplicationContext
2023-10-18 23:02:57.077  INFO [demo-service,,,] 7318 --- [  restartedMain] w.s.c.ServletWebServerApplicationContext : Root WebApplicationContext: initialization completed in 212 ms
2023-10-18 23:02:57.426  WARN [demo-service,,,] 7318 --- [  restartedMain] o.s.b.d.a.OptionalLiveReloadServer       : Unable to start LiveReload server
2023-10-18 23:02:57.476  INFO [demo-service,,,] 7318 --- [  restartedMain] DiscoveryClientOptionalArgsConfiguration : Eureka HTTP Client uses RestTemplate.
2023-10-18 23:02:57.522  WARN [demo-service,,,] 7318 --- [  restartedMain] iguration$LoadBalancerCaffeineWarnLogger : Spring Cloud LoadBalancer is currently working with the default cache. While this cache implementation is useful for development and tests, it's recommended to use Caffeine cache in production.You can switch to using Caffeine cache, by adding it and org.springframework.cache.caffeine.CaffeineCacheManager to the classpath.
2023-10-18 23:02:57.541  INFO [demo-service,,,] 7318 --- [  restartedMain] o.s.b.a.e.web.EndpointLinksResolver      : Exposing 1 endpoint(s) beneath base path '/actuator'
2023-10-18 23:02:57.552  INFO [demo-service,,,] 7318 --- [  restartedMain] o.s.c.n.eureka.InstanceInfoFactory       : Setting initial instance status as: STARTING
2023-10-18 23:02:57.554  INFO [demo-service,,,] 7318 --- [  restartedMain] com.netflix.discovery.DiscoveryClient    : Initializing Eureka in region us-east-1
2023-10-18 23:02:57.554  INFO [demo-service,,,] 7318 --- [  restartedMain] c.n.d.s.r.aws.ConfigClusterResolver      : Resolving eureka endpoints via configuration
2023-10-18 23:02:57.555  INFO [demo-service,,,] 7318 --- [  restartedMain] com.netflix.discovery.DiscoveryClient    : Disable delta property : false
2023-10-18 23:02:57.555  INFO [demo-service,,,] 7318 --- [  restartedMain] com.netflix.discovery.DiscoveryClient    : Single vip registry refresh property : null
2023-10-18 23:02:57.555  INFO [demo-service,,,] 7318 --- [  restartedMain] com.netflix.discovery.DiscoveryClient    : Force full registry fetch : false
2023-10-18 23:02:57.555  INFO [demo-service,,,] 7318 --- [  restartedMain] com.netflix.discovery.DiscoveryClient    : Application is null : false
2023-10-18 23:02:57.555  INFO [demo-service,,,] 7318 --- [  restartedMain] com.netflix.discovery.DiscoveryClient    : Registered Applications size is zero : true
2023-10-18 23:02:57.555  INFO [demo-service,,,] 7318 --- [  restartedMain] com.netflix.discovery.DiscoveryClient    : Application version is -1: true
2023-10-18 23:02:57.555  INFO [demo-service,,,] 7318 --- [  restartedMain] com.netflix.discovery.DiscoveryClient    : Getting all instance registry info from the eureka server
2023-10-18 23:02:57.561  INFO [demo-service,,,] 7318 --- [  restartedMain] com.netflix.discovery.DiscoveryClient    : The response status is 200
2023-10-18 23:02:57.562  INFO [demo-service,,,] 7318 --- [  restartedMain] com.netflix.discovery.DiscoveryClient    : Starting heartbeat executor: renew interval is: 30
2023-10-18 23:02:57.563  INFO [demo-service,,,] 7318 --- [  restartedMain] c.n.discovery.InstanceInfoReplicator     : InstanceInfoReplicator onDemand update allowed rate per min is 4
2023-10-18 23:02:57.563  INFO [demo-service,,,] 7318 --- [  restartedMain] com.netflix.discovery.DiscoveryClient    : Discovery Client initialized at timestamp 1697650377563 with initial instances count: 2
2023-10-18 23:02:57.568  INFO [demo-service,,,] 7318 --- [  restartedMain] o.s.c.n.e.s.EurekaServiceRegistry        : Registering application DEMO-SERVICE with eureka with status UP
2023-10-18 23:02:57.568  INFO [demo-service,,,] 7318 --- [  restartedMain] com.netflix.discovery.DiscoveryClient    : Saw local status change event StatusChangeEvent [timestamp=1697650377568, current=UP, previous=STARTING]
2023-10-18 23:02:57.568  INFO [demo-service,,,] 7318 --- [nfoReplicator-0] com.netflix.discovery.DiscoveryClient    : DiscoveryClient_DEMO-SERVICE/192.168.1.10:demo-service:9095: registering service...
2023-10-18 23:02:57.570  INFO [demo-service,,,] 7318 --- [  restartedMain] o.s.b.w.embedded.tomcat.TomcatWebServer  : Tomcat started on port(s): 9095 (http) with context path ''
2023-10-18 23:02:57.571  INFO [demo-service,,,] 7318 --- [  restartedMain] .s.c.n.e.s.EurekaAutoServiceRegistration : Updating port to 9095
2023-10-18 23:02:57.575  INFO [demo-service,,,] 7318 --- [nfoReplicator-0] com.netflix.discovery.DiscoveryClient    : DiscoveryClient_DEMO-SERVICE/192.168.1.10:demo-service:9095 - registration status: 204
2023-10-18 23:02:57.609  INFO [demo-service,,,] 7318 --- [  restartedMain] c.example.app.PolicyServiceApplication   : Started PolicyServiceApplication in 0.796 seconds (JVM running for 42069.642)
